f:\new folder\chessapplication\chessapplication\debug\vc142.pdb
f:\new folder\chessapplication\chessapplication\debug\vc142.idb
f:\new folder\chessapplication\chessapplication\debug\rook.obj
f:\new folder\chessapplication\chessapplication\debug\queen.obj
f:\new folder\chessapplication\chessapplication\debug\player.obj
f:\new folder\chessapplication\chessapplication\debug\gamemanager.obj
f:\new folder\chessapplication\chessapplication\debug\pawn.obj
f:\new folder\chessapplication\chessapplication\debug\knight.obj
f:\new folder\chessapplication\chessapplication\debug\king.obj
f:\new folder\chessapplication\chessapplication\debug\console.obj
f:\new folder\chessapplication\chessapplication\debug\chessman.obj
f:\new folder\chessapplication\chessapplication\debug\chesscoordinate.obj
f:\new folder\chessapplication\chessapplication\debug\chessapplication.obj
f:\new folder\chessapplication\chessapplication\debug\bishop.obj
f:\new folder\chessapplication\debug\chessapplication.exe
f:\new folder\chessapplication\debug\chessapplication.ilk
f:\new folder\chessapplication\debug\chessapplication.pdb
f:\new folder\chessapplication\chessapplication\debug\gamemanager.new.obj.enc
f:\new folder\chessapplication\chessapplication\debug\king.obj.enc
f:\new folder\chessapplication\chessapplication\debug\player.new.obj.enc
f:\new folder\chessapplication\chessapplication\debug\chessapplication.tlog\cl.command.1.tlog
f:\new folder\chessapplication\chessapplication\debug\chessapplication.tlog\cl.read.1.tlog
f:\new folder\chessapplication\chessapplication\debug\chessapplication.tlog\cl.write.1.tlog
f:\new folder\chessapplication\chessapplication\debug\chessapplication.tlog\link.command.1.tlog
f:\new folder\chessapplication\chessapplication\debug\chessapplication.tlog\link.read.1.tlog
f:\new folder\chessapplication\chessapplication\debug\chessapplication.tlog\link.write.1.tlog
