f:\new folder\chessapplication\x64\release\chessapplication.ipdb
f:\new folder\chessapplication\x64\release\chessapplication.iobj
f:\new folder\chessapplication\chessapplication\x64\release\vc142.pdb
f:\new folder\chessapplication\chessapplication\x64\release\rook.obj
f:\new folder\chessapplication\chessapplication\x64\release\queen.obj
f:\new folder\chessapplication\chessapplication\x64\release\player.obj
f:\new folder\chessapplication\chessapplication\x64\release\gamemanager.obj
f:\new folder\chessapplication\chessapplication\x64\release\pawn.obj
f:\new folder\chessapplication\chessapplication\x64\release\knight.obj
f:\new folder\chessapplication\chessapplication\x64\release\king.obj
f:\new folder\chessapplication\chessapplication\x64\release\console.obj
f:\new folder\chessapplication\chessapplication\x64\release\chessman.obj
f:\new folder\chessapplication\chessapplication\x64\release\chesscoordinate.obj
f:\new folder\chessapplication\chessapplication\x64\release\chessapplication.obj
f:\new folder\chessapplication\chessapplication\x64\release\bishop.obj
f:\new folder\chessapplication\x64\release\chessapplication.exe
f:\new folder\chessapplication\x64\release\chessapplication.pdb
f:\new folder\chessapplication\chessapplication\x64\release\chessapplication.tlog\chessapplication.write.1u.tlog
f:\new folder\chessapplication\chessapplication\x64\release\chessapplication.tlog\cl.command.1.tlog
f:\new folder\chessapplication\chessapplication\x64\release\chessapplication.tlog\cl.read.1.tlog
f:\new folder\chessapplication\chessapplication\x64\release\chessapplication.tlog\cl.write.1.tlog
f:\new folder\chessapplication\chessapplication\x64\release\chessapplication.tlog\link.command.1.tlog
f:\new folder\chessapplication\chessapplication\x64\release\chessapplication.tlog\link.read.1.tlog
f:\new folder\chessapplication\chessapplication\x64\release\chessapplication.tlog\link.write.1.tlog
